This is pdfTeX, Version 3.14159265-2.6-1.40.16 (TeX Live 2015) (preloaded format=pdflatex 2015.9.19)  22 OCT 2018 15:08
entering extended mode
 restricted \write18 enabled.
 %&-line parsing enabled.
**dedication.tex
(./dedication.tex
LaTeX2e <2015/01/01>
Babel <3.9l> and hyphenation patterns for 79 languages loaded.
! Undefined control sequence.
l.1 \chapter
            *{}
The control sequence at the end of the top line
of your error message was never \def'ed. If you have
misspelled it (e.g., `\hobx'), type `I' and the correct
spelling (e.g., `I\hbox'). Otherwise just continue,
and I'll forget about whatever was undefined.


! LaTeX Error: Missing \begin{document}.

See the LaTeX manual or LaTeX Companion for explanation.
Type  H <return>  for immediate help.
 ...                                              
                                                  
l.1 \chapter*
             {}
You're in trouble here.  Try typing  <return>  to proceed.
If that doesn't work, type  X <return>  to quit.

Missing character: There is no * in font nullfont!

Overfull \hbox (20.0pt too wide) in paragraph at lines 1--3
[]
 []


! LaTeX Error: Missing \begin{document}.

See the LaTeX manual or LaTeX Companion for explanation.
Type  H <return>  for immediate help.
 ...                                              
                                                  
l.5 \begin{flushleft}
                     
You're in trouble here.  Try typing  <return>  to proceed.
If that doesn't work, type  X <return>  to quit.


Overfull \hbox (20.0pt too wide) in paragraph at lines 5--5
[] 
 []


Overfull \hbox (11.3889pt too wide) in paragraph at lines 6--7
\OT1/cmr/m/sl/10 To 
 []


Overfull \hbox (13.33337pt too wide) in paragraph at lines 6--7
\OT1/cmr/m/sl/10 my 
 []


Overfull \hbox (31.13896pt too wide) in paragraph at lines 6--7
\OT1/cmr/m/sl/10 mother 
 []


Overfull \hbox (16.11116pt too wide) in paragraph at lines 6--7
\OT1/cmr/m/sl/10 and 
 []


Overfull \hbox (11.38892pt too wide) in paragraph at lines 6--7
\OT1/cmr/m/sl/10 fa- 
 []


Overfull \hbox (17.80559pt too wide) in paragraph at lines 6--7
\OT1/cmr/m/sl/10 ther 
 []


Overfull \hbox (19.44449pt too wide) in paragraph at lines 6--7
\OT1/cmr/m/sl/10 with 
 []


Overfull \hbox (10.55559pt too wide) in paragraph at lines 6--7
\OT1/cmr/m/sl/10 all 
 []


Overfull \hbox (16.94447pt too wide) in paragraph at lines 6--7
\OT1/cmr/m/sl/10 love 
 []


Overfull \hbox (16.11116pt too wide) in paragraph at lines 6--7
\OT1/cmr/m/sl/10 and 
 []


Overfull \hbox (11.69444pt too wide) in paragraph at lines 6--7
\OT1/cmr/m/sl/10 re- 
 []


Overfull \hbox (25.33337pt too wide) in paragraph at lines 6--7
\OT1/cmr/m/sl/10 spect.  
 []


Overfull \hbox (20.0pt too wide) in paragraph at lines 9--9
[] 
 []


Overfull \hbox (11.3889pt too wide) in paragraph at lines 10--11
\OT1/cmr/m/sl/10 To 
 []


Overfull \hbox (13.33337pt too wide) in paragraph at lines 10--11
\OT1/cmr/m/sl/10 my 
 []


Overfull \hbox (17.50003pt too wide) in paragraph at lines 10--11
\OT1/cmr/m/sl/10 wife 
 []


Overfull \hbox (16.11116pt too wide) in paragraph at lines 10--11
\OT1/cmr/m/sl/10 and 
 []


Overfull \hbox (11.38892pt too wide) in paragraph at lines 10--11
\OT1/cmr/m/sl/10 fa- 
 []


Overfull \hbox (20.58337pt too wide) in paragraph at lines 10--11
\OT1/cmr/m/sl/10 ther, 
 []


Overfull \hbox (34.47229pt too wide) in paragraph at lines 10--11
\OT1/cmr/m/sl/10 mother- 
 []


Overfull \hbox (11.66669pt too wide) in paragraph at lines 10--11
\OT1/cmr/m/sl/10 in- 
 []


Overfull \hbox (14.72224pt too wide) in paragraph at lines 10--11
\OT1/cmr/m/sl/10 law 
 []


Overfull \hbox (19.44449pt too wide) in paragraph at lines 10--11
\OT1/cmr/m/sl/10 with 
 []


Overfull \hbox (10.55559pt too wide) in paragraph at lines 10--11
\OT1/cmr/m/sl/10 all 
 []


Overfull \hbox (16.94447pt too wide) in paragraph at lines 10--11
\OT1/cmr/m/sl/10 love 
 []


Overfull \hbox (16.11116pt too wide) in paragraph at lines 10--11
\OT1/cmr/m/sl/10 and 
 []


Overfull \hbox (11.69444pt too wide) in paragraph at lines 10--11
\OT1/cmr/m/sl/10 re- 
 []


Overfull \hbox (25.33337pt too wide) in paragraph at lines 10--11
\OT1/cmr/m/sl/10 spect.  
 []


Overfull \hbox (20.0pt too wide) in paragraph at lines 13--13
[] 
 []


Overfull \hbox (11.3889pt too wide) in paragraph at lines 14--15
\OT1/cmr/m/sl/10 To 
 []


Overfull \hbox (13.33337pt too wide) in paragraph at lines 14--15
\OT1/cmr/m/sl/10 my 
 []


Overfull \hbox (30.00008pt too wide) in paragraph at lines 14--15
\OT1/cmr/m/sl/10 daugh- 
 []


Overfull \hbox (12.25002pt too wide) in paragraph at lines 14--15
\OT1/cmr/m/sl/10 ter 
 []


Overfull \hbox (43.69453pt too wide) in paragraph at lines 14--15
\OT1/cmr/m/sl/10 Tushara...  
 []

)
! Emergency stop.
<*> dedication.tex
                  
*** (job aborted, no legal \end found)

 
Here is how much of TeX's memory you used:
 8 strings out of 493089
 164 string characters out of 6134842
 54199 words of memory out of 5000000
 3592 multiletter control sequences out of 15000+600000
 3993 words of font info for 15 fonts, out of 8000000 for 9000
 1141 hyphenation exceptions out of 8191
 13i,1n,10p,106b,110s stack positions out of 5000i,500n,10000p,200000b,80000s
!  ==> Fatal error occurred, no output PDF file produced!
