\BOOKMARK [1][-]{section*.1}{\376\377\000A\000b\000s\000t\000r\000a\000c\000t}{}% 1
\BOOKMARK [1][-]{section.1}{\376\377\0001\000\040\000A\000n\000o\000m\000a\000l\000y\000\040\000d\000e\000t\000e\000c\000t\000i\000o\000n\000:\000\040\000m\000o\000t\000i\000v\000a\000t\000i\000o\000n\000\040\000a\000n\000d\000\040\000c\000h\000a\000l\000l\000e\000n\000g\000e\000s}{}% 2
\BOOKMARK [1][-]{section.2}{\376\377\0002\000\040\000I\000n\000t\000r\000o\000d\000u\000c\000t\000i\000o\000n}{}% 3
\BOOKMARK [1][-]{section.3}{\376\377\0003\000\040\000B\000a\000c\000k\000g\000r\000o\000u\000n\000d\000\040\000a\000n\000d\000\040\000r\000e\000l\000a\000t\000e\000d\000\040\000w\000o\000r\000k\000\040\000o\000n\000\040\000a\000n\000o\000m\000a\000l\000y\000\040\000d\000e\000t\000e\000c\000t\000i\000o\000n}{}% 4
\BOOKMARK [1][-]{section.4}{\376\377\0004\000\040\000R\000e\000l\000a\000t\000e\000d\000\040\000W\000o\000r\000k}{}% 5
\BOOKMARK [2][-]{subsection.4.1}{\376\377\0004\000.\0001\000\040\000R\000o\000b\000u\000s\000t\000\040\000D\000e\000e\000p\000\040\000A\000u\000t\000o\000e\000n\000c\000o\000d\000e\000r\000s\000\040\000f\000o\000r\000\040\000a\000n\000o\000m\000a\000l\000y\000\040\000d\000e\000t\000e\000c\000t\000i\000o\000n}{section.4}% 6
\BOOKMARK [2][-]{subsection.4.2}{\376\377\0004\000.\0002\000\040\000O\000n\000e\000-\000C\000l\000a\000s\000s\000\040\000S\000V\000M\000\040\000f\000o\000r\000\040\000a\000n\000o\000m\000a\000l\000y\000\040\000d\000e\000t\000e\000c\000t\000i\000o\000n}{section.4}% 7
\BOOKMARK [1][-]{section.5}{\376\377\0005\000\040\000F\000r\000o\000m\000\040\000O\000n\000e\000\040\000C\000l\000a\000s\000s\000\040\000S\000V\000M\000\040\000t\000o\000\040\000O\000n\000e\000\040\000C\000l\000a\000s\000s\000\040\000N\000e\000u\000r\000a\000l\000\040\000N\000e\000t\000w\000o\000r\000k\000s}{}% 8
\BOOKMARK [1][-]{section.6}{\376\377\0006\000\040\000T\000h\000e\000\040\000P\000r\000o\000p\000o\000s\000e\000d\000\040\000A\000p\000p\000r\000o\000a\000c\000h}{}% 9
\BOOKMARK [2][-]{subsection.6.1}{\376\377\0006\000.\0001\000\040\000O\000n\000e\000-\000C\000l\000a\000s\000s\000\040\000N\000e\000u\000r\000a\000l\000\040\000N\000e\000t\000w\000o\000r\000k\000s\000\040\000\050\000O\000C\000-\000N\000N\000\051}{section.6}% 10
\BOOKMARK [2][-]{subsection.6.2}{\376\377\0006\000.\0002\000\040\000T\000r\000a\000i\000n\000i\000n\000g\000\040\000t\000h\000e\000\040\000m\000o\000d\000e\000l}{section.6}% 11
\BOOKMARK [2][-]{subsection.6.3}{\376\377\0006\000.\0003\000\040\000O\000C\000-\000N\000N\000\040\000A\000l\000g\000o\000r\000i\000t\000h\000m}{section.6}% 12
\BOOKMARK [1][-]{section.7}{\376\377\0007\000\040\000E\000x\000p\000e\000r\000i\000m\000e\000n\000t\000a\000l\000\040\000s\000e\000t\000u\000p}{}% 13
\BOOKMARK [1][-]{section.8}{\376\377\0008\000\040\000E\000x\000p\000e\000r\000i\000m\000e\000n\000t\000a\000l\000\040\000S\000e\000t\000u\000p}{}% 14
\BOOKMARK [2][-]{subsection.8.1}{\376\377\0008\000.\0001\000\040\000M\000e\000t\000h\000o\000d\000s\000\040\000c\000o\000m\000p\000a\000r\000e\000d}{section.8}% 15
\BOOKMARK [2][-]{subsection.8.2}{\376\377\0008\000.\0002\000\040\000D\000a\000t\000a\000s\000e\000t\000s}{section.8}% 16
\BOOKMARK [2][-]{subsection.8.3}{\376\377\0008\000.\0003\000\040\000E\000v\000a\000l\000u\000a\000t\000i\000o\000n\000\040\000o\000f\000\040\000M\000o\000d\000e\000l\000s}{section.8}% 17
\BOOKMARK [1][-]{section.9}{\376\377\0009\000\040\000E\000x\000p\000e\000r\000i\000m\000e\000n\000t\000a\000l\000\040\000r\000e\000s\000u\000l\000t\000s}{}% 18
\BOOKMARK [1][-]{section.10}{\376\377\0001\0000\000\040\000E\000x\000p\000e\000r\000i\000m\000e\000n\000t\000a\000l\000\040\000R\000e\000s\000u\000l\000t\000s}{}% 19
\BOOKMARK [2][-]{subsection.10.1}{\376\377\0001\0000\000.\0001\000\040\000O\000C\000-\000N\000N\000\040\000f\000o\000r\000\040\000S\000y\000n\000t\000h\000e\000t\000i\000c\000\040\000D\000a\000t\000a}{section.10}% 20
\BOOKMARK [2][-]{subsection.10.2}{\376\377\0001\0000\000.\0002\000\040\000O\000C\000-\000N\000N\000\040\000o\000n\000\040\000M\000N\000I\000S\000T\000\040\000a\000n\000d\000\040\000C\000I\000F\000A\000R\000-\0001\0000}{section.10}% 21
\BOOKMARK [2][-]{subsection.10.3}{\376\377\0001\0000\000.\0003\000\040\000D\000e\000t\000e\000c\000t\000i\000n\000g\000\040\000A\000d\000v\000e\000r\000s\000a\000r\000i\000a\000l\000\040\000a\000t\000t\000a\000c\000k\000s\000\040\000o\000n\000\040\000G\000T\000S\000R\000B\000\040\000s\000t\000o\000p\000\040\000s\000i\000g\000n\000s\000\040\000u\000s\000i\000n\000g\000\040\000O\000C\000-\000N\000N\000\040}{section.10}% 22
\BOOKMARK [1][-]{section.11}{\376\377\0001\0001\000\040\000C\000o\000n\000c\000l\000u\000s\000i\000o\000n}{}% 23
\BOOKMARK [1][-]{section.12}{\376\377\0001\0002\000\040\000C\000o\000n\000c\000l\000u\000s\000i\000o\000n}{}% 24
\BOOKMARK [1][-]{section*.16}{\376\377\000R\000e\000f\000e\000r\000e\000n\000c\000e\000s}{}% 25
\BOOKMARK [1][-]{section*.18}{\376\377\000R\000e\000f\000e\000r\000e\000n\000c\000e\000s}{}% 26
